Rietveld refinement to file(s) CaNi(PO3)4_800_240_Ca(OH)2_(NH4)2HPO4_NiO.xy
BGMN version 4.2.23, 8301 measured points, 486 peaks, 22 parameters
Start: Thu Dec 21 15:58:46 2023; End: Thu Dec 21 15:58:47 2023
22 iteration steps

Rp=4.71%  Rpb=51.23%  R=7.92%  Rwp=6.83% Rexp=2.06%
Durbin-Watson d=0.19
1-rho=15.4%

Global parameters and GOALs
****************************
QCaNi=ERROR
QNiO225sym=ERROR
EPS2=-0.003273+-0.000021

Local parameters and GOALs for phase CaNi(PO3)415sym
******************************************************
SpacegroupNo=15
HermannMauguin=C12/c1
XrayDensity=2.994
Rphase=9.08%
UNIT=NM
A=1.21267+-0.00012
B=0.86804+-0.00013
C=0.989570
BETA=117.9897+-0.0083
k1=0
B1=0.00852+-0.00019
GEWICHT=0.2548+-0.0029
GrainSize(1,1,1)=49.8+-1.1
Atomic positions for phase CaNi(PO3)415sym
---------------------------------------------
  4     0.0000  0.0471  0.2500     E=(CA(1.0000))
  4     0.2500  0.2500  0.5000     E=(NI(1.0000))
  8     0.5032  0.7764  0.9745     E=(P(1.0000))
  8     0.1886  0.4918  0.1945     E=(P(1.0000))
  8     0.5301  0.6381  0.9104     E=(O(1.0000))
  8     0.5615  0.7547  0.4291     E=(O(1.0000))
  8     0.5720  0.8975  0.6568     E=(O(1.0000))
  8     0.1328  0.3624  0.0668     E=(O(1.0000))
  8     0.2169  0.0802  0.3344     E=(O(1.0000))
  8     0.2293  0.4226  0.3439     E=(O(1.0000))

Local parameters and GOALs for phase NiO225sym
******************************************************
SpacegroupNo=225
HermannMauguin=F4/m-32/m
XrayDensity=6.725
Rphase=6.19%
UNIT=NM
A=0.419433+-0.000035
k1=0.02+-0.28
B1=0.0085+-0.0013
GEWICHT=0.02343+-0.00087
GrainSize(1,1,1)=48.9+-3.8
Atomic positions for phase NiO225sym
---------------------------------------------
  4     0.0000  0.0000  0.0000     E=(NI(1.0000))
  4     0.5000  0.5000  0.5000     E=(O(1.0000))
